3 CBA 1
3 CV 2
3 DCA_ATO 3
3 SAG 4
3 Sysmc-Daily-Mips 5
3 ap 6
3 archive 7
3 as400 8
3 ato 9
2 aus 10
3 avail 11
3 blade 12
3 budget 13
1 capflex 14
3 cmdb 15
3 coverage 16
3 cpusum 17
3 dashboard 18
3 dashboard_ima 19
3 db 20
3 disksum 21
3 eslr 22
3 esx 23
3 filesystem 24
1 http 25
1 intel 26
3 keymet 27
2 linux 28
3 lost+found 29
2 mail 30
3 my 31
3 nas 32
3 network 33
3 nz 34
3 opsum 35
3 os390 36
3 pseries 37
3 rip 38
3 scm 39
3 storage 40
3 tandem 41
3 teradata 42
3 unisys 43
3 unix 44
3 us 45
3 vms 46
3 zone 47
