x aubwsacc004 / 1.7G
x aubwsacc004 /var 4.9G
x aubwsacc004 /opt 3.7G
1 aubwsacc004 /export/home 0.7G
1 aubwsacc004 /var/acc 2.2G
1 aubwsacc004 /cust 16G
1 aubwsacc004 /lc 0.1G
x aubwsacc007 / 3.7G
x aubwsacc007 /var 2.8G
x aubwsacc007 /opt 3.8G
1 aubwsacc007 /app 7.8G
1 aubwsacc007 /cust 0G
1 aubwsacc007 /1a 6.6G
1 aubwsacc007 /2a 0.5G
2 aubwsacc007 /u01 6.9G
2 aubwsacc007 /u02 10.0G
2 aubwsacc007 /u03 7.0G
3 aubwsacc007 /u04 8.0G
3 aubwsacc007 /u05 6.9G
3 aubwsacc007 /u06 7.0G
x aubwsacc008 / 1.4G
x aubwsacc008 /var 4.2G
x aubwsacc008 /opt 3.8G
1 aubwsacc008 /export/home 1.0G
1 aubwsacc008 /var/acc 1.8G
1 aubwsacc008 /cust 24.8G
1 aubwsacc008 /lc 0G
x aubwsacc015 / 1.2G
x aubwsacc015 /var 5.0G
x aubwsacc015 /opt 4.4G
1 aubwsacc015 /export/home 0.2G
1 aubwsacc015 /var/acc 0G
1 aubwsacc015 /cust 4.5G
1 aubwsacc015 /lc 0.1G
x aubwsacc018 / 1.8G
x aubwsacc018 /var 1.9G
x aubwsacc018 /opt 1.0G
1 aubwsacc018 /export/home 0.8G
1 aubwsacc018 /var/acc 0.9G
1 aubwsacc018 /cust 26G
1 aubwsacc018 /lc 0.1G
