x aubwsacc003 / 1.3G outage1
x aubwsacc003 /var 5.9G outage1
x aubwsacc003 /opt 1.2G outage1
1 aubwsacc003 /export/home 2G outage1
1 aubwsacc003 /var/acc 0.8G outage1
1 aubwsacc003 /cust 22G outage1
1 aubwsacc003 /lc 74M outage1
x aubwsacc004 / 1.7G outage2
x aubwsacc004 /var 5.3G outage2
x aubwsacc004 /opt 3.7G outage2
1 aubwsacc004 /export/home 1.1G outage2
1 aubwsacc004 /var/acc 2.3G outage2
1 aubwsacc004 /cust 21G outage2
1 aubwsacc004 /lc 133M outage2
x aubwsacc005 / 1.6G outage1
x aubwsacc005 /var 6.8G outage1
x aubwsacc005 /opt 3.5G outage1
1 aubwsacc005 /export/home 0.8G outage1
1 aubwsacc005 /var/acc 2.0G outage1
1 aubwsacc005 /cust 14.7G outage1
1 aubwsacc005 /lc 133M outage1
x aubwsacc006 / 1.2G outage1
x aubwsacc006 /var 7.2G outage1
x aubwsacc006 /opt 3.5G outage1
1 aubwsacc006 /export/home 0.9G outage1
1 aubwsacc006 /app 26M outage1
1 aubwsacc006 /1a 2.7G outage1
1 aubwsacc006 /2a 55M outage1
x aubwsacc007 / 2.6G outage2
x aubwsacc007 /var 5.7G outage2
x aubwsacc007 /opt 3.7G outage2
1 aubwsacc007 /app 26M outage2
1 aubwsacc007 /cust 4M outage2
1 aubwsacc007 /1a 10G outage2
1 aubwsacc007 /2a 0.5G outage2
1 aubwsacc007 /u01 7.2G outage2*
1 aubwsacc007 /u02 8.4G outage2*
1 aubwsacc007 /u04 7.3G outage2*
1 aubwsacc007 /u03 6.1G outage2*
1 aubwsacc007 /u05 6.3G outage2*
1 aubwsacc007 /u06 6G outage2*
x aubwsacc008 / 1.4G outage2
x aubwsacc008 /var 6.3G outage2
x aubwsacc008 /opt 3.8G outage2
1 aubwsacc008 /export/home 1G outage2
1 aubwsacc008 /var/acc 1.6G outage2
1 aubwsacc008 /cust 24G outage2
1 aubwsacc008 /lc 74M outage2
x aubwsacc015 / 1.2G outage2
x aubwsacc015 /var 4.4G outage2
x aubwsacc015 /opt 4.3G outage2
1 aubwsacc015 /export/home 206M outage2
1 aubwsacc015 /var/acc 46M outage2
1 aubwsacc015 /cust 4.5G outage2
1 aubwsacc015 /lc 134M outage2
x aubwsacc016 / 2.1G outage1
x aubwsacc016 /var 7.0G outage1
x aubwsacc016 /opt 1.8G outage1
1 aubwsacc016 /export/home 325M outage1
1 aubwsacc016 /var/acc 140M outage1
1 aubwsacc016 /cust 9.2G outage1
1 aubwsacc016 /lc 140M outage1
x aubwsacc017 / 1.2G outage1
x aubwsacc017 /var 3.6G outage1
x aubwsacc017 /opt 1.0G outage1
1 aubwsacc017 /export/home 0.9G outage1
1 aubwsacc017 /var/acc 250M outage1
1 aubwsacc017 /cust 28G outage1
1 aubwsacc017 /lc 137M outage1
x aubwsacc018 / 1.8G outage2
x aubwsacc018 /var 3.5G outage2
x aubwsacc018 /opt 1.0G outage2
1 aubwsacc018 /export/home 1.0G outage2
1 aubwsacc018 /var/acc 440M outage2
1 aubwsacc018 /cust 28G outage2
1 aubwsacc018 /lc 137M outage2
